<?xml version="1.0" encoding="UTF-8"?>
<!-- Generated by org.testng.reporters.JUnitReportReporter -->
<testsuite hostname="seetha" name="com.newtour.LoginKeyfunctional.testcases.TC_KF_LG_04_VerifyRegistrationViaSignOnPageTest" tests="4" failures="0" timestamp="15 Feb 2018 21:48:22 GMT" time="25.232" errors="0">
  <testcase name="verifySignonClickTest" time="12.995" classname="com.newtour.LoginKeyfunctional.testcases.TC_KF_LG_04_VerifyRegistrationViaSignOnPageTest"/>
  <testcase name="verifyNavigationToRegistrationTest" time="6.770" classname="com.newtour.LoginKeyfunctional.testcases.TC_KF_LG_04_VerifyRegistrationViaSignOnPageTest"/>
  <testcase name="verifyRegisterPageLogoTest" time="2.023" classname="com.newtour.LoginKeyfunctional.testcases.TC_KF_LG_04_VerifyRegistrationViaSignOnPageTest"/>
  <testcase name="verifyURLLaunchTest" time="3.444" classname="com.newtour.LoginKeyfunctional.testcases.TC_KF_LG_04_VerifyRegistrationViaSignOnPageTest"/>
</testsuite> <!-- com.newtour.LoginKeyfunctional.testcases.TC_KF_LG_04_VerifyRegistrationViaSignOnPageTest -->
