<?xml version="1.0" encoding="UTF-8"?>
<!-- Generated by org.testng.reporters.JUnitReportReporter -->
<testsuite hostname="seetha" name="com.newtour.flightfinderfunctional.testcases.TC_KF_FF_02_VerifyRoundTripFlightSearchTest" tests="7" failures="0" timestamp="15 Feb 2018 23:35:39 GMT" time="69.978" errors="0">
  <testcase name="verifyRoundTripFlightSearchTest" time="39.653" classname="com.newtour.flightfinderfunctional.testcases.TC_KF_FF_02_VerifyRoundTripFlightSearchTest"/>
  <testcase name="verifyFlightDetailsList" time="6.215" classname="com.newtour.flightfinderfunctional.testcases.TC_KF_FF_02_VerifyRoundTripFlightSearchTest"/>
  <testcase name="verifyLaunchURLTest" time="1.690" classname="com.newtour.flightfinderfunctional.testcases.TC_KF_FF_02_VerifyRoundTripFlightSearchTest"/>
  <testcase name="verifyCredentialsTest" time="13.427" classname="com.newtour.flightfinderfunctional.testcases.TC_KF_FF_02_VerifyRoundTripFlightSearchTest"/>
  <testcase name="verifyFlightSearch" time="2.075" classname="com.newtour.flightfinderfunctional.testcases.TC_KF_FF_02_VerifyRoundTripFlightSearchTest"/>
  <testcase name="verifySignOffTest" time="4.863" classname="com.newtour.flightfinderfunctional.testcases.TC_KF_FF_02_VerifyRoundTripFlightSearchTest"/>
  <testcase name="verifyReserveFlights" time="2.055" classname="com.newtour.flightfinderfunctional.testcases.TC_KF_FF_02_VerifyRoundTripFlightSearchTest"/>
</testsuite> <!-- com.newtour.flightfinderfunctional.testcases.TC_KF_FF_02_VerifyRoundTripFlightSearchTest -->
