<?xml version="1.0" encoding="UTF-8"?>
<!-- Generated by org.testng.reporters.JUnitReportReporter -->
<testsuite hostname="seetha" name="com.newtour.flightfinderfunctional.testcases.TC_KF_FF_01_VerifyOneWayFlightSearchTest" tests="7" failures="0" timestamp="15 Feb 2018 23:34:12 GMT" time="79.104" errors="0">
  <testcase name="verifyCredentialsTest" time="13.283" classname="com.newtour.flightfinderfunctional.testcases.TC_KF_FF_01_VerifyOneWayFlightSearchTest"/>
  <testcase name="verifyFlightSearch" time="2.053" classname="com.newtour.flightfinderfunctional.testcases.TC_KF_FF_01_VerifyOneWayFlightSearchTest"/>
  <testcase name="verifyFlightDetailsList" time="8.468" classname="com.newtour.flightfinderfunctional.testcases.TC_KF_FF_01_VerifyOneWayFlightSearchTest"/>
  <testcase name="verifyReserveFlights" time="4.172" classname="com.newtour.flightfinderfunctional.testcases.TC_KF_FF_01_VerifyOneWayFlightSearchTest"/>
  <testcase name="verifySignOffTest" time="4.731" classname="com.newtour.flightfinderfunctional.testcases.TC_KF_FF_01_VerifyOneWayFlightSearchTest"/>
  <testcase name="verifyLaunchURLTest" time="3.855" classname="com.newtour.flightfinderfunctional.testcases.TC_KF_FF_01_VerifyOneWayFlightSearchTest"/>
  <testcase name="verifyOneWayFlightSearchTest" time="42.542" classname="com.newtour.flightfinderfunctional.testcases.TC_KF_FF_01_VerifyOneWayFlightSearchTest"/>
</testsuite> <!-- com.newtour.flightfinderfunctional.testcases.TC_KF_FF_01_VerifyOneWayFlightSearchTest -->
