<?xml version="1.0" encoding="UTF-8"?>
<!-- Generated by org.testng.reporters.JUnitReportReporter -->
<testsuite hostname="seetha" name="com.newtour.LoginKeyfunctional.testcases.TC_KF_LG_01_VerifyHomePageLoginTest" tests="6" failures="0" timestamp="15 Feb 2018 23:30:38 GMT" time="30.568" errors="0">
  <testcase name="verifyIsLoginSuccessfulTest" time="0.120" classname="com.newtour.LoginKeyfunctional.testcases.TC_KF_LG_01_VerifyHomePageLoginTest"/>
  <testcase name="verifySignOffTest" time="9.671" classname="com.newtour.LoginKeyfunctional.testcases.TC_KF_LG_01_VerifyHomePageLoginTest"/>
  <testcase name="verifyHomePageLogoTest" time="2.185" classname="com.newtour.LoginKeyfunctional.testcases.TC_KF_LG_01_VerifyHomePageLoginTest"/>
  <testcase name="verifyURLLaunchTest" time="1.515" classname="com.newtour.LoginKeyfunctional.testcases.TC_KF_LG_01_VerifyHomePageLoginTest"/>
  <testcase name="verifyValidCredentialsTest" time="17.054" classname="com.newtour.LoginKeyfunctional.testcases.TC_KF_LG_01_VerifyHomePageLoginTest"/>
  <testcase name="verifyHomePageTitleTest" time="0.023" classname="com.newtour.LoginKeyfunctional.testcases.TC_KF_LG_01_VerifyHomePageLoginTest"/>
</testsuite> <!-- com.newtour.LoginKeyfunctional.testcases.TC_KF_LG_01_VerifyHomePageLoginTest -->
