<?xml version="1.0" encoding="UTF-8"?>
<!-- Generated by org.testng.reporters.JUnitReportReporter -->
<testsuite hostname="seetha" name="com.newtour.LoginKeyfunctional.testcases.TC_KF_LG_04_VerifyRegistrationViaSignOnPageTest" tests="4" failures="0" timestamp="15 Feb 2018 23:49:15 GMT" time="30.884" errors="0">
  <testcase name="verifySignonClickTest" time="13.569" classname="com.newtour.LoginKeyfunctional.testcases.TC_KF_LG_04_VerifyRegistrationViaSignOnPageTest"/>
  <testcase name="verifyRegisterPageLogoTest" time="2.201" classname="com.newtour.LoginKeyfunctional.testcases.TC_KF_LG_04_VerifyRegistrationViaSignOnPageTest"/>
  <testcase name="verifyURLLaunchTest" time="2.195" classname="com.newtour.LoginKeyfunctional.testcases.TC_KF_LG_04_VerifyRegistrationViaSignOnPageTest"/>
  <testcase name="verifyNavigationToRegistrationTest" time="12.919" classname="com.newtour.LoginKeyfunctional.testcases.TC_KF_LG_04_VerifyRegistrationViaSignOnPageTest"/>
</testsuite> <!-- com.newtour.LoginKeyfunctional.testcases.TC_KF_LG_04_VerifyRegistrationViaSignOnPageTest -->
