<?xml version="1.0" encoding="UTF-8"?>
<!-- Generated by org.testng.reporters.JUnitReportReporter -->
<testsuite hostname="seetha" name="com.newtour.flightfinderfunctional.testcases.TC_KF_FF_01_VerifyOneWayFlightSearchTest" tests="7" failures="0" timestamp="15 Feb 2018 23:49:15 GMT" time="124.207" errors="0">
  <testcase name="verifyFlightSearch" time="2.212" classname="com.newtour.flightfinderfunctional.testcases.TC_KF_FF_01_VerifyOneWayFlightSearchTest"/>
  <testcase name="verifyOneWayFlightSearchTest" time="64.370" classname="com.newtour.flightfinderfunctional.testcases.TC_KF_FF_01_VerifyOneWayFlightSearchTest"/>
  <testcase name="verifyCredentialsTest" time="19.560" classname="com.newtour.flightfinderfunctional.testcases.TC_KF_FF_01_VerifyOneWayFlightSearchTest"/>
  <testcase name="verifySignOffTest" time="10.764" classname="com.newtour.flightfinderfunctional.testcases.TC_KF_FF_01_VerifyOneWayFlightSearchTest"/>
  <testcase name="verifyLaunchURLTest" time="3.994" classname="com.newtour.flightfinderfunctional.testcases.TC_KF_FF_01_VerifyOneWayFlightSearchTest"/>
  <testcase name="verifyFlightDetailsList" time="18.915" classname="com.newtour.flightfinderfunctional.testcases.TC_KF_FF_01_VerifyOneWayFlightSearchTest"/>
  <testcase name="verifyReserveFlights" time="4.392" classname="com.newtour.flightfinderfunctional.testcases.TC_KF_FF_01_VerifyOneWayFlightSearchTest"/>
</testsuite> <!-- com.newtour.flightfinderfunctional.testcases.TC_KF_FF_01_VerifyOneWayFlightSearchTest -->
