<?xml version="1.0" encoding="UTF-8"?>
<!-- Generated by org.testng.reporters.JUnitReportReporter -->
<testsuite hostname="seetha" name="com.newtour.LoginKeyfunctional.testcases.TC_KF_LG_01_VerifyHomePageLoginTest" tests="6" failures="0" timestamp="15 Feb 2018 23:49:15 GMT" time="36.121" errors="0">
  <testcase name="verifyHomePageTitleTest" time="0.024" classname="com.newtour.LoginKeyfunctional.testcases.TC_KF_LG_01_VerifyHomePageLoginTest"/>
  <testcase name="verifyIsLoginSuccessfulTest" time="0.137" classname="com.newtour.LoginKeyfunctional.testcases.TC_KF_LG_01_VerifyHomePageLoginTest"/>
  <testcase name="verifyHomePageLogoTest" time="2.541" classname="com.newtour.LoginKeyfunctional.testcases.TC_KF_LG_01_VerifyHomePageLoginTest"/>
  <testcase name="verifyURLLaunchTest" time="1.945" classname="com.newtour.LoginKeyfunctional.testcases.TC_KF_LG_01_VerifyHomePageLoginTest"/>
  <testcase name="verifyValidCredentialsTest" time="19.903" classname="com.newtour.LoginKeyfunctional.testcases.TC_KF_LG_01_VerifyHomePageLoginTest"/>
  <testcase name="verifySignOffTest" time="11.571" classname="com.newtour.LoginKeyfunctional.testcases.TC_KF_LG_01_VerifyHomePageLoginTest"/>
</testsuite> <!-- com.newtour.LoginKeyfunctional.testcases.TC_KF_LG_01_VerifyHomePageLoginTest -->
