<?xml version="1.0" encoding="UTF-8"?>
<!-- Generated by org.testng.reporters.JUnitReportReporter -->
<testsuite hostname="seetha" name="com.newtour.flightfinderfunctional.testcases.TC_KF_FF_02_VerifyRoundTripFlightSearchTest" tests="7" failures="0" timestamp="15 Feb 2018 23:49:15 GMT" time="107.723" errors="0">
  <testcase name="verifyLaunchURLTest" time="1.726" classname="com.newtour.flightfinderfunctional.testcases.TC_KF_FF_02_VerifyRoundTripFlightSearchTest"/>
  <testcase name="verifyReserveFlights" time="2.126" classname="com.newtour.flightfinderfunctional.testcases.TC_KF_FF_02_VerifyRoundTripFlightSearchTest"/>
  <testcase name="verifyFlightSearch" time="2.485" classname="com.newtour.flightfinderfunctional.testcases.TC_KF_FF_02_VerifyRoundTripFlightSearchTest"/>
  <testcase name="verifyCredentialsTest" time="19.524" classname="com.newtour.flightfinderfunctional.testcases.TC_KF_FF_02_VerifyRoundTripFlightSearchTest"/>
  <testcase name="verifySignOffTest" time="10.147" classname="com.newtour.flightfinderfunctional.testcases.TC_KF_FF_02_VerifyRoundTripFlightSearchTest"/>
  <testcase name="verifyRoundTripFlightSearchTest" time="55.166" classname="com.newtour.flightfinderfunctional.testcases.TC_KF_FF_02_VerifyRoundTripFlightSearchTest"/>
  <testcase name="verifyFlightDetailsList" time="16.549" classname="com.newtour.flightfinderfunctional.testcases.TC_KF_FF_02_VerifyRoundTripFlightSearchTest"/>
</testsuite> <!-- com.newtour.flightfinderfunctional.testcases.TC_KF_FF_02_VerifyRoundTripFlightSearchTest -->
