<?xml version="1.0" encoding="UTF-8"?>
<!-- Generated by org.testng.reporters.JUnitReportReporter -->
<testsuite hostname="seetha" name="com.newtour.LoginKeyfunctional.testcases.TC_KF_LG_02_VerifySignOnPageLoginTest" tests="7" failures="0" timestamp="15 Feb 2018 23:49:15 GMT" time="58.177" errors="0">
  <testcase name="verifyIsLoginSuccessfulTest" time="2.985" classname="com.newtour.LoginKeyfunctional.testcases.TC_KF_LG_02_VerifySignOnPageLoginTest"/>
  <testcase name="verifySignonClickTest" time="15.115" classname="com.newtour.LoginKeyfunctional.testcases.TC_KF_LG_02_VerifySignOnPageLoginTest"/>
  <testcase name="verifySignOnPageTitleTest" time="0.016" classname="com.newtour.LoginKeyfunctional.testcases.TC_KF_LG_02_VerifySignOnPageLoginTest"/>
  <testcase name="verifySignOnPageLogoTest" time="2.154" classname="com.newtour.LoginKeyfunctional.testcases.TC_KF_LG_02_VerifySignOnPageLoginTest"/>
  <testcase name="verifyValidCredentialsTest" time="23.147" classname="com.newtour.LoginKeyfunctional.testcases.TC_KF_LG_02_VerifySignOnPageLoginTest"/>
  <testcase name="verifyURLLaunchTest" time="3.162" classname="com.newtour.LoginKeyfunctional.testcases.TC_KF_LG_02_VerifySignOnPageLoginTest"/>
  <testcase name="verifySignOffTest" time="11.598" classname="com.newtour.LoginKeyfunctional.testcases.TC_KF_LG_02_VerifySignOnPageLoginTest"/>
</testsuite> <!-- com.newtour.LoginKeyfunctional.testcases.TC_KF_LG_02_VerifySignOnPageLoginTest -->
